[INFO] [2017-07-22 20:47:47][org.springframework.web.context.ContextLoader]Root WebApplicationContext: initialization started
[INFO] [2017-07-22 20:47:47][org.springframework.web.context.support.XmlWebApplicationContext]Refreshing Root WebApplicationContext: startup date [Sat Jul 22 20:47:47 CST 2017]; root of context hierarchy
[INFO] [2017-07-22 20:47:47][org.springframework.beans.factory.xml.XmlBeanDefinitionReader]Loading XML bean definitions from class path resource [spring-mybatis.xml]
[INFO] [2017-07-22 20:47:47][org.springframework.beans.factory.config.PropertyPlaceholderConfigurer]Loading properties file from class path resource [jdbc.properties]
[INFO] [2017-07-22 20:47:47][org.springframework.beans.factory.annotation.AutowiredAnnotationBeanPostProcessor]JSR-330 'javax.inject.Inject' annotation found and supported for autowiring
[INFO] [2017-07-22 20:47:47][org.springframework.web.context.ContextLoader]Root WebApplicationContext: initialization completed in 435 ms
[INFO] [2017-07-22 20:47:47][org.springframework.web.servlet.DispatcherServlet]FrameworkServlet 'SpringMVC': initialization started
[INFO] [2017-07-22 20:47:47][org.springframework.web.context.support.XmlWebApplicationContext]Refreshing WebApplicationContext for namespace 'SpringMVC-servlet': startup date [Sat Jul 22 20:47:47 CST 2017]; parent: Root WebApplicationContext
[INFO] [2017-07-22 20:47:47][org.springframework.beans.factory.xml.XmlBeanDefinitionReader]Loading XML bean definitions from class path resource [spring-mvc.xml]
[INFO] [2017-07-22 20:47:47][org.springframework.beans.factory.annotation.AutowiredAnnotationBeanPostProcessor]JSR-330 'javax.inject.Inject' annotation found and supported for autowiring
[INFO] [2017-07-22 20:47:48][org.springframework.web.servlet.DispatcherServlet]FrameworkServlet 'SpringMVC': initialization completed in 430 ms
[INFO] [2017-07-22 20:49:14][org.springframework.web.context.ContextLoader]Root WebApplicationContext: initialization started
[INFO] [2017-07-22 20:49:15][org.springframework.web.context.support.XmlWebApplicationContext]Refreshing Root WebApplicationContext: startup date [Sat Jul 22 20:49:15 CST 2017]; root of context hierarchy
[INFO] [2017-07-22 20:49:15][org.springframework.beans.factory.xml.XmlBeanDefinitionReader]Loading XML bean definitions from class path resource [spring-mybatis.xml]
[INFO] [2017-07-22 20:49:15][org.springframework.beans.factory.config.PropertyPlaceholderConfigurer]Loading properties file from class path resource [jdbc.properties]
[INFO] [2017-07-22 20:49:15][org.springframework.beans.factory.annotation.AutowiredAnnotationBeanPostProcessor]JSR-330 'javax.inject.Inject' annotation found and supported for autowiring
[INFO] [2017-07-22 20:49:15][org.springframework.web.context.ContextLoader]Root WebApplicationContext: initialization completed in 442 ms
[INFO] [2017-07-22 20:49:15][org.springframework.web.servlet.DispatcherServlet]FrameworkServlet 'SpringMVC': initialization started
[INFO] [2017-07-22 20:49:15][org.springframework.web.context.support.XmlWebApplicationContext]Refreshing WebApplicationContext for namespace 'SpringMVC-servlet': startup date [Sat Jul 22 20:49:15 CST 2017]; parent: Root WebApplicationContext
[INFO] [2017-07-22 20:49:15][org.springframework.beans.factory.xml.XmlBeanDefinitionReader]Loading XML bean definitions from class path resource [spring-mvc.xml]
[INFO] [2017-07-22 20:49:15][org.springframework.beans.factory.annotation.AutowiredAnnotationBeanPostProcessor]JSR-330 'javax.inject.Inject' annotation found and supported for autowiring
[INFO] [2017-07-22 20:49:15][org.springframework.web.servlet.DispatcherServlet]FrameworkServlet 'SpringMVC': initialization completed in 450 ms
[INFO] [2017-07-22 21:05:18][org.springframework.web.context.ContextLoader]Root WebApplicationContext: initialization started
[INFO] [2017-07-22 21:05:18][org.springframework.web.context.support.XmlWebApplicationContext]Refreshing Root WebApplicationContext: startup date [Sat Jul 22 21:05:18 CST 2017]; root of context hierarchy
[INFO] [2017-07-22 21:05:18][org.springframework.beans.factory.xml.XmlBeanDefinitionReader]Loading XML bean definitions from class path resource [spring-mybatis.xml]
[INFO] [2017-07-22 21:05:19][org.springframework.beans.factory.config.PropertyPlaceholderConfigurer]Loading properties file from class path resource [jdbc.properties]
[INFO] [2017-07-22 21:05:19][org.springframework.beans.factory.annotation.AutowiredAnnotationBeanPostProcessor]JSR-330 'javax.inject.Inject' annotation found and supported for autowiring
[INFO] [2017-07-22 21:05:19][org.springframework.beans.factory.support.DefaultListableBeanFactory]Pre-instantiating singletons in org.springframework.beans.factory.support.DefaultListableBeanFactory@665df3c6: defining beans [org.springframework.context.annotation.internalConfigurationAnnotationProcessor,org.springframework.context.annotation.internalAutowiredAnnotationProcessor,org.springframework.context.annotation.internalRequiredAnnotationProcessor,org.springframework.context.annotation.internalCommonAnnotationProcessor,propertyConfigurer,dataSource,transactionManager]; root of factory hierarchy
[INFO] [2017-07-22 21:05:19][org.springframework.web.context.ContextLoader]Root WebApplicationContext: initialization completed in 1188 ms
[INFO] [2017-07-22 21:08:36][org.springframework.web.context.ContextLoader]Root WebApplicationContext: initialization started
[INFO] [2017-07-22 21:08:36][org.springframework.web.context.support.XmlWebApplicationContext]Refreshing Root WebApplicationContext: startup date [Sat Jul 22 21:08:36 CST 2017]; root of context hierarchy
[INFO] [2017-07-22 21:08:36][org.springframework.beans.factory.xml.XmlBeanDefinitionReader]Loading XML bean definitions from class path resource [spring-mybatis.xml]
[INFO] [2017-07-22 21:08:37][org.springframework.beans.factory.config.PropertyPlaceholderConfigurer]Loading properties file from class path resource [jdbc.properties]
[INFO] [2017-07-22 21:08:37][org.springframework.beans.factory.annotation.AutowiredAnnotationBeanPostProcessor]JSR-330 'javax.inject.Inject' annotation found and supported for autowiring
[INFO] [2017-07-22 21:08:37][org.springframework.beans.factory.support.DefaultListableBeanFactory]Pre-instantiating singletons in org.springframework.beans.factory.support.DefaultListableBeanFactory@3b7ff809: defining beans [org.springframework.context.annotation.internalConfigurationAnnotationProcessor,org.springframework.context.annotation.internalAutowiredAnnotationProcessor,org.springframework.context.annotation.internalRequiredAnnotationProcessor,org.springframework.context.annotation.internalCommonAnnotationProcessor,propertyConfigurer,dataSource,transactionManager]; root of factory hierarchy
[INFO] [2017-07-22 21:08:37][org.springframework.web.context.ContextLoader]Root WebApplicationContext: initialization completed in 1255 ms
